<?xml version="1.0" encoding="UTF-8"?>
<robot generator="Robot 7.4.2 (Python 3.14.4 on win32)" generated="2026-05-12T15:39:15.402703" rpa="false" schemaversion="5">
<suite id="s1" name="Wipro traning" source="C:\Wipro traning">
<suite id="s1-s1" name="Robot Framework" source="C:\Wipro traning\Robot Framework">
<suite id="s1-s1-s1" name="Assignment" source="C:\Wipro traning\Robot Framework\Assignment">
<suite id="s1-s1-s1-s1" name="Tests" source="C:\Wipro traning\Robot Framework\Assignment\Tests">
<suite id="s1-s1-s1-s1-s1" name="Smoke Tests" source="C:\Wipro traning\Robot Framework\Assignment\Tests\smoke_tests.robot">
<kw name="Open Browser To Login Page" type="SETUP">
<msg time="2026-05-12T15:39:15.862324" level="FAIL">No keyword with name 'Open Browser To Login Page' found.</msg>
<status status="FAIL" start="2026-05-12T15:39:15.861617" elapsed="0.001865">No keyword with name 'Open Browser To Login Page' found.</status>
</kw>
<test id="s1-s1-s1-s1-s1-t1" name="Valid Login Test" line="11">
<status status="FAIL" start="2026-05-12T15:39:15.864227" elapsed="0.003524">Parent suite setup failed:
No keyword with name 'Open Browser To Login Page' found.</status>
</test>
<test id="s1-s1-s1-s1-s1-t2" name="Verify Product Prices" line="18">
<status status="FAIL" start="2026-05-12T15:39:15.880076" elapsed="0.008469">Parent suite setup failed:
No keyword with name 'Open Browser To Login Page' found.</status>
</test>
<kw name="Close Browser Session" type="TEARDOWN">
<msg time="2026-05-12T15:39:15.895901" level="FAIL">No keyword with name 'Close Browser Session' found.</msg>
<status status="FAIL" start="2026-05-12T15:39:15.891953" elapsed="0.012137">No keyword with name 'Close Browser Session' found.</status>
</kw>
<status status="FAIL" start="2026-05-12T15:39:15.545179" elapsed="0.359937">Suite setup failed:
No keyword with name 'Open Browser To Login Page' found.

Also suite teardown failed:
No keyword with name 'Close Browser Session' found.</status>
</suite>
<status status="FAIL" start="2026-05-12T15:39:15.542704" elapsed="0.367268"/>
</suite>
<status status="FAIL" start="2026-05-12T15:39:15.539356" elapsed="0.374154"/>
</suite>
<status status="FAIL" start="2026-05-12T15:39:15.535481" elapsed="0.393585"/>
</suite>
<status status="FAIL" start="2026-05-12T15:39:15.454739" elapsed="0.476614"/>
</suite>
<statistics>
<total>
<stat pass="0" fail="2" skip="0">All Tests</stat>
</total>
<tag>
</tag>
<suite>
<stat name="Wipro traning" id="s1" pass="0" fail="2" skip="0">Wipro traning</stat>
<stat name="Robot Framework" id="s1-s1" pass="0" fail="2" skip="0">Wipro traning.Robot Framework</stat>
<stat name="Assignment" id="s1-s1-s1" pass="0" fail="2" skip="0">Wipro traning.Robot Framework.Assignment</stat>
<stat name="Tests" id="s1-s1-s1-s1" pass="0" fail="2" skip="0">Wipro traning.Robot Framework.Assignment.Tests</stat>
<stat name="Smoke Tests" id="s1-s1-s1-s1-s1" pass="0" fail="2" skip="0">Wipro traning.Robot Framework.Assignment.Tests.Smoke Tests</stat>
</suite>
</statistics>
<errors>
<msg time="2026-05-12T15:39:15.546451" level="ERROR">Error in file 'C:\Wipro traning\Robot Framework\Assignment\Tests\smoke_tests.robot' on line 2: Resource file '..\Resources\common.resource' does not exist.</msg>
<msg time="2026-05-12T15:39:15.548649" level="ERROR">Error in file 'C:\Wipro traning\Robot Framework\Assignment\Tests\smoke_tests.robot' on line 3: Resource file '..\Resources\login_page.resource' does not exist.</msg>
<msg time="2026-05-12T15:39:15.558052" level="ERROR">Error in file 'C:\Wipro traning\Robot Framework\Assignment\Tests\smoke_tests.robot' on line 4: Resource file '..\Resources\cart_page.resource' does not exist.</msg>
</errors>
</robot>
